[2023-11-24 15:25:46] local.DEBUG: @api.HUN56 {"url":"https://hire.dylanbaine.com/","options":[]} 
[2023-11-24 15:25:46] local.ERROR: Chrome process stopped before startup completed. Additional info: sh: 1: exec: chrome: not found {"exception":"[object] (RuntimeException(code: 0): Chrome process stopped before startup completed. Additional info: sh: 1: exec: chrome: not found at /var/www/html/vendor/chrome-php/chrome/src/Browser/BrowserProcess.php:422)
[stacktrace]
#0 /var/www/html/vendor/chrome-php/chrome/src/Utils.php(60): HeadlessChromium\\Browser\\BrowserProcess->HeadlessChromium\\Browser\\{closure}()
#1 /var/www/html/vendor/chrome-php/chrome/src/Browser/BrowserProcess.php(462): HeadlessChromium\\Utils::tryWithTimeout()
#2 /var/www/html/vendor/chrome-php/chrome/src/Browser/BrowserProcess.php(138): HeadlessChromium\\Browser\\BrowserProcess->waitForStartup()
#3 /var/www/html/vendor/chrome-php/chrome/src/BrowserFactory.php(82): HeadlessChromium\\Browser\\BrowserProcess->start()
#4 /var/www/html/routes/api.php(32): HeadlessChromium\\BrowserFactory->createBrowser()
#5 /var/www/html/routes/api.php(48): screenshotUrl()
#6 /var/www/html/vendor/laravel/framework/src/Illuminate/Cache/Repository.php(397): Illuminate\\Routing\\RouteFileRegistrar->{closure}()
#7 /var/www/html/vendor/laravel/framework/src/Illuminate/Cache/CacheManager.php(429): Illuminate\\Cache\\Repository->remember()
#8 /var/www/html/vendor/laravel/framework/src/Illuminate/Support/Facades/Facade.php(353): Illuminate\\Cache\\CacheManager->__call()
#9 /var/www/html/routes/api.php(47): Illuminate\\Support\\Facades\\Facade::__callStatic()
#10 /var/www/html/vendor/laravel/framework/src/Illuminate/Routing/CallableDispatcher.php(40): Illuminate\\Routing\\RouteFileRegistrar->{closure}()
#11 /var/www/html/vendor/laravel/framework/src/Illuminate/Routing/Route.php(237): Illuminate\\Routing\\CallableDispatcher->dispatch()
#12 /var/www/html/vendor/laravel/framework/src/Illuminate/Routing/Route.php(208): Illuminate\\Routing\\Route->runCallable()
#13 /var/www/html/vendor/laravel/framework/src/Illuminate/Routing/Router.php(799): Illuminate\\Routing\\Route->run()
#14 /var/www/html/vendor/laravel/framework/src/Illuminate/Pipeline/Pipeline.php(141): Illuminate\\Routing\\Router->Illuminate\\Routing\\{closure}()
#15 /var/www/html/vendor/laravel/framework/src/Illuminate/Routing/Middleware/SubstituteBindings.php(50): Illuminate\\Pipeline\\Pipeline->Illuminate\\Pipeline\\{closure}()
#16 /var/www/html/vendor/laravel/framework/src/Illuminate/Pipeline/Pipeline.php(180): Illuminate\\Routing\\Middleware\\SubstituteBindings->handle()
#17 /var/www/html/vendor/laravel/framework/src/Illuminate/Routing/Middleware/ThrottleRequests.php(159): Illuminate\\Pipeline\\Pipeline->Illuminate\\Pipeline\\{closure}()
#18 /var/www/html/vendor/laravel/framework/src/Illuminate/Routing/Middleware/ThrottleRequests.php(125): Illuminate\\Routing\\Middleware\\ThrottleRequests->handleRequest()
#19 /var/www/html/vendor/laravel/framework/src/Illuminate/Routing/Middleware/ThrottleRequests.php(87): Illuminate\\Routing\\Middleware\\ThrottleRequests->handleRequestUsingNamedLimiter()
#20 /var/www/html/vendor/laravel/framework/src/Illuminate/Pipeline/Pipeline.php(180): Illuminate\\Routing\\Middleware\\ThrottleRequests->handle()
#21 /var/www/html/vendor/laravel/framework/src/Illuminate/Pipeline/Pipeline.php(116): Illuminate\\Pipeline\\Pipeline->Illuminate\\Pipeline\\{closure}()
#22 /var/www/html/vendor/laravel/framework/src/Illuminate/Routing/Router.php(798): Illuminate\\Pipeline\\Pipeline->then()
#23 /var/www/html/vendor/laravel/framework/src/Illuminate/Routing/Router.php(777): Illuminate\\Routing\\Router->runRouteWithinStack()
#24 /var/www/html/vendor/laravel/framework/src/Illuminate/Routing/Router.php(741): Illuminate\\Routing\\Router->runRoute()
#25 /var/www/html/vendor/laravel/framework/src/Illuminate/Routing/Router.php(730): Illuminate\\Routing\\Router->dispatchToRoute()
#26 /var/www/html/vendor/laravel/framework/src/Illuminate/Foundation/Http/Kernel.php(200): Illuminate\\Routing\\Router->dispatch()
#27 /var/www/html/vendor/laravel/framework/src/Illuminate/Pipeline/Pipeline.php(141): Illuminate\\Foundation\\Http\\Kernel->Illuminate\\Foundation\\Http\\{closure}()
#28 /var/www/html/vendor/laravel/framework/src/Illuminate/Foundation/Http/Middleware/TransformsRequest.php(21): Illuminate\\Pipeline\\Pipeline->Illuminate\\Pipeline\\{closure}()
#29 /var/www/html/vendor/laravel/framework/src/Illuminate/Foundation/Http/Middleware/ConvertEmptyStringsToNull.php(31): Illuminate\\Foundation\\Http\\Middleware\\TransformsRequest->handle()
#30 /var/www/html/vendor/laravel/framework/src/Illuminate/Pipeline/Pipeline.php(180): Illuminate\\Foundation\\Http\\Middleware\\ConvertEmptyStringsToNull->handle()
#31 /var/www/html/vendor/laravel/framework/src/Illuminate/Foundation/Http/Middleware/TransformsRequest.php(21): Illuminate\\Pipeline\\Pipeline->Illuminate\\Pipeline\\{closure}()
#32 /var/www/html/vendor/laravel/framework/src/Illuminate/Foundation/Http/Middleware/TrimStrings.php(40): Illuminate\\Foundation\\Http\\Middleware\\TransformsRequest->handle()
#33 /var/www/html/vendor/laravel/framework/src/Illuminate/Pipeline/Pipeline.php(180): Illuminate\\Foundation\\Http\\Middleware\\TrimStrings->handle()
#34 /var/www/html/vendor/laravel/framework/src/Illuminate/Foundation/Http/Middleware/ValidatePostSize.php(27): Illuminate\\Pipeline\\Pipeline->Illuminate\\Pipeline\\{closure}()
#35 /var/www/html/vendor/laravel/framework/src/Illuminate/Pipeline/Pipeline.php(180): Illuminate\\Foundation\\Http\\Middleware\\ValidatePostSize->handle()
#36 /var/www/html/vendor/laravel/framework/src/Illuminate/Foundation/Http/Middleware/PreventRequestsDuringMaintenance.php(99): Illuminate\\Pipeline\\Pipeline->Illuminate\\Pipeline\\{closure}()
#37 /var/www/html/vendor/laravel/framework/src/Illuminate/Pipeline/Pipeline.php(180): Illuminate\\Foundation\\Http\\Middleware\\PreventRequestsDuringMaintenance->handle()
#38 /var/www/html/vendor/laravel/framework/src/Illuminate/Http/Middleware/HandleCors.php(62): Illuminate\\Pipeline\\Pipeline->Illuminate\\Pipeline\\{closure}()
#39 /var/www/html/vendor/laravel/framework/src/Illuminate/Pipeline/Pipeline.php(180): Illuminate\\Http\\Middleware\\HandleCors->handle()
#40 /var/www/html/vendor/laravel/framework/src/Illuminate/Http/Middleware/TrustProxies.php(39): Illuminate\\Pipeline\\Pipeline->Illuminate\\Pipeline\\{closure}()
#41 /var/www/html/vendor/laravel/framework/src/Illuminate/Pipeline/Pipeline.php(180): Illuminate\\Http\\Middleware\\TrustProxies->handle()
#42 /var/www/html/vendor/laravel/framework/src/Illuminate/Pipeline/Pipeline.php(116): Illuminate\\Pipeline\\Pipeline->Illuminate\\Pipeline\\{closure}()
#43 /var/www/html/vendor/laravel/framework/src/Illuminate/Foundation/Http/Kernel.php(175): Illuminate\\Pipeline\\Pipeline->then()
#44 /var/www/html/vendor/laravel/framework/src/Illuminate/Foundation/Http/Kernel.php(144): Illuminate\\Foundation\\Http\\Kernel->sendRequestThroughRouter()
#45 /var/www/html/public/index.php(51): Illuminate\\Foundation\\Http\\Kernel->handle()
#46 /var/www/html/vendor/laravel/framework/src/Illuminate/Foundation/resources/server.php(16): require_once('...')
#47 {main}
"} 
[2023-11-24 15:25:59] local.DEBUG: @api.HUN56 {"url":"https://dylanbaine.com/","options":[]} 
[2023-11-24 15:25:59] local.ERROR: Chrome process stopped before startup completed. Additional info: sh: 1: exec: chrome: not found {"exception":"[object] (RuntimeException(code: 0): Chrome process stopped before startup completed. Additional info: sh: 1: exec: chrome: not found at /var/www/html/vendor/chrome-php/chrome/src/Browser/BrowserProcess.php:422)
[stacktrace]
#0 /var/www/html/vendor/chrome-php/chrome/src/Utils.php(60): HeadlessChromium\\Browser\\BrowserProcess->HeadlessChromium\\Browser\\{closure}()
#1 /var/www/html/vendor/chrome-php/chrome/src/Browser/BrowserProcess.php(462): HeadlessChromium\\Utils::tryWithTimeout()
#2 /var/www/html/vendor/chrome-php/chrome/src/Browser/BrowserProcess.php(138): HeadlessChromium\\Browser\\BrowserProcess->waitForStartup()
#3 /var/www/html/vendor/chrome-php/chrome/src/BrowserFactory.php(82): HeadlessChromium\\Browser\\BrowserProcess->start()
#4 /var/www/html/routes/api.php(32): HeadlessChromium\\BrowserFactory->createBrowser()
#5 /var/www/html/routes/api.php(48): screenshotUrl()
#6 /var/www/html/vendor/laravel/framework/src/Illuminate/Cache/Repository.php(397): Illuminate\\Routing\\RouteFileRegistrar->{closure}()
#7 /var/www/html/vendor/laravel/framework/src/Illuminate/Cache/CacheManager.php(429): Illuminate\\Cache\\Repository->remember()
#8 /var/www/html/vendor/laravel/framework/src/Illuminate/Support/Facades/Facade.php(353): Illuminate\\Cache\\CacheManager->__call()
#9 /var/www/html/routes/api.php(47): Illuminate\\Support\\Facades\\Facade::__callStatic()
#10 /var/www/html/vendor/laravel/framework/src/Illuminate/Routing/CallableDispatcher.php(40): Illuminate\\Routing\\RouteFileRegistrar->{closure}()
#11 /var/www/html/vendor/laravel/framework/src/Illuminate/Routing/Route.php(237): Illuminate\\Routing\\CallableDispatcher->dispatch()
#12 /var/www/html/vendor/laravel/framework/src/Illuminate/Routing/Route.php(208): Illuminate\\Routing\\Route->runCallable()
#13 /var/www/html/vendor/laravel/framework/src/Illuminate/Routing/Router.php(799): Illuminate\\Routing\\Route->run()
#14 /var/www/html/vendor/laravel/framework/src/Illuminate/Pipeline/Pipeline.php(141): Illuminate\\Routing\\Router->Illuminate\\Routing\\{closure}()
#15 /var/www/html/vendor/laravel/framework/src/Illuminate/Routing/Middleware/SubstituteBindings.php(50): Illuminate\\Pipeline\\Pipeline->Illuminate\\Pipeline\\{closure}()
#16 /var/www/html/vendor/laravel/framework/src/Illuminate/Pipeline/Pipeline.php(180): Illuminate\\Routing\\Middleware\\SubstituteBindings->handle()
#17 /var/www/html/vendor/laravel/framework/src/Illuminate/Routing/Middleware/ThrottleRequests.php(159): Illuminate\\Pipeline\\Pipeline->Illuminate\\Pipeline\\{closure}()
#18 /var/www/html/vendor/laravel/framework/src/Illuminate/Routing/Middleware/ThrottleRequests.php(125): Illuminate\\Routing\\Middleware\\ThrottleRequests->handleRequest()
#19 /var/www/html/vendor/laravel/framework/src/Illuminate/Routing/Middleware/ThrottleRequests.php(87): Illuminate\\Routing\\Middleware\\ThrottleRequests->handleRequestUsingNamedLimiter()
#20 /var/www/html/vendor/laravel/framework/src/Illuminate/Pipeline/Pipeline.php(180): Illuminate\\Routing\\Middleware\\ThrottleRequests->handle()
#21 /var/www/html/vendor/laravel/framework/src/Illuminate/Pipeline/Pipeline.php(116): Illuminate\\Pipeline\\Pipeline->Illuminate\\Pipeline\\{closure}()
#22 /var/www/html/vendor/laravel/framework/src/Illuminate/Routing/Router.php(798): Illuminate\\Pipeline\\Pipeline->then()
#23 /var/www/html/vendor/laravel/framework/src/Illuminate/Routing/Router.php(777): Illuminate\\Routing\\Router->runRouteWithinStack()
#24 /var/www/html/vendor/laravel/framework/src/Illuminate/Routing/Router.php(741): Illuminate\\Routing\\Router->runRoute()
#25 /var/www/html/vendor/laravel/framework/src/Illuminate/Routing/Router.php(730): Illuminate\\Routing\\Router->dispatchToRoute()
#26 /var/www/html/vendor/laravel/framework/src/Illuminate/Foundation/Http/Kernel.php(200): Illuminate\\Routing\\Router->dispatch()
#27 /var/www/html/vendor/laravel/framework/src/Illuminate/Pipeline/Pipeline.php(141): Illuminate\\Foundation\\Http\\Kernel->Illuminate\\Foundation\\Http\\{closure}()
#28 /var/www/html/vendor/laravel/framework/src/Illuminate/Foundation/Http/Middleware/TransformsRequest.php(21): Illuminate\\Pipeline\\Pipeline->Illuminate\\Pipeline\\{closure}()
#29 /var/www/html/vendor/laravel/framework/src/Illuminate/Foundation/Http/Middleware/ConvertEmptyStringsToNull.php(31): Illuminate\\Foundation\\Http\\Middleware\\TransformsRequest->handle()
#30 /var/www/html/vendor/laravel/framework/src/Illuminate/Pipeline/Pipeline.php(180): Illuminate\\Foundation\\Http\\Middleware\\ConvertEmptyStringsToNull->handle()
#31 /var/www/html/vendor/laravel/framework/src/Illuminate/Foundation/Http/Middleware/TransformsRequest.php(21): Illuminate\\Pipeline\\Pipeline->Illuminate\\Pipeline\\{closure}()
#32 /var/www/html/vendor/laravel/framework/src/Illuminate/Foundation/Http/Middleware/TrimStrings.php(40): Illuminate\\Foundation\\Http\\Middleware\\TransformsRequest->handle()
#33 /var/www/html/vendor/laravel/framework/src/Illuminate/Pipeline/Pipeline.php(180): Illuminate\\Foundation\\Http\\Middleware\\TrimStrings->handle()
#34 /var/www/html/vendor/laravel/framework/src/Illuminate/Foundation/Http/Middleware/ValidatePostSize.php(27): Illuminate\\Pipeline\\Pipeline->Illuminate\\Pipeline\\{closure}()
#35 /var/www/html/vendor/laravel/framework/src/Illuminate/Pipeline/Pipeline.php(180): Illuminate\\Foundation\\Http\\Middleware\\ValidatePostSize->handle()
#36 /var/www/html/vendor/laravel/framework/src/Illuminate/Foundation/Http/Middleware/PreventRequestsDuringMaintenance.php(99): Illuminate\\Pipeline\\Pipeline->Illuminate\\Pipeline\\{closure}()
#37 /var/www/html/vendor/laravel/framework/src/Illuminate/Pipeline/Pipeline.php(180): Illuminate\\Foundation\\Http\\Middleware\\PreventRequestsDuringMaintenance->handle()
#38 /var/www/html/vendor/laravel/framework/src/Illuminate/Http/Middleware/HandleCors.php(62): Illuminate\\Pipeline\\Pipeline->Illuminate\\Pipeline\\{closure}()
#39 /var/www/html/vendor/laravel/framework/src/Illuminate/Pipeline/Pipeline.php(180): Illuminate\\Http\\Middleware\\HandleCors->handle()
#40 /var/www/html/vendor/laravel/framework/src/Illuminate/Http/Middleware/TrustProxies.php(39): Illuminate\\Pipeline\\Pipeline->Illuminate\\Pipeline\\{closure}()
#41 /var/www/html/vendor/laravel/framework/src/Illuminate/Pipeline/Pipeline.php(180): Illuminate\\Http\\Middleware\\TrustProxies->handle()
#42 /var/www/html/vendor/laravel/framework/src/Illuminate/Pipeline/Pipeline.php(116): Illuminate\\Pipeline\\Pipeline->Illuminate\\Pipeline\\{closure}()
#43 /var/www/html/vendor/laravel/framework/src/Illuminate/Foundation/Http/Kernel.php(175): Illuminate\\Pipeline\\Pipeline->then()
#44 /var/www/html/vendor/laravel/framework/src/Illuminate/Foundation/Http/Kernel.php(144): Illuminate\\Foundation\\Http\\Kernel->sendRequestThroughRouter()
#45 /var/www/html/public/index.php(51): Illuminate\\Foundation\\Http\\Kernel->handle()
#46 /var/www/html/vendor/laravel/framework/src/Illuminate/Foundation/resources/server.php(16): require_once('...')
#47 {main}
"} 
[2023-11-24 15:26:17] local.DEBUG: @api.HUN56 {"url":"https://dylanbaine.com/","options":[]} 
[2023-11-24 15:26:24] local.DEBUG: close browser  
[2023-11-24 15:26:28] local.DEBUG: @api.HUN56 {"url":"https://hire.dylanbaine.com/","options":[]} 
[2023-11-24 15:26:32] local.DEBUG: close browser  
[2023-11-24 15:26:50] local.DEBUG: @api.5osj5  
[2023-11-24 15:29:28] local.DEBUG: @api.HUN56 {"url":"https://hire.dylanbaine.com/","options":[]} 
[2023-11-24 15:29:34] local.DEBUG: close browser  
[2023-11-24 15:30:47] local.DEBUG: @api.HUN56 {"url":"https://dylanbaine.com/","options":[]} 
[2023-11-24 15:30:51] local.DEBUG: close browser  
[2023-11-24 15:31:17] local.DEBUG: @api.HUN56 {"url":"https://www.dylanbaine.com/","options":[]} 
[2023-11-24 15:31:21] local.DEBUG: close browser  
[2023-11-24 15:32:05] local.DEBUG: @api.HUN56 {"url":"https://www.dylanbaine.com/","options":[]} 
[2023-11-24 15:32:08] local.DEBUG: close browser  
[2023-11-24 15:37:02] local.DEBUG: @api.HUN56 {"url":"http://localhost:23000/","options":{"windowSize":[2400,1260]}} 
[2023-11-24 15:37:05] local.DEBUG: close browser  
[2023-11-24 15:37:09] local.DEBUG: @api.HUN56 {"url":"https://www.dylanbaine.com","options":{"windowSize":[2400,1260]}} 
[2023-11-24 15:37:14] local.DEBUG: close browser  
[2023-11-24 15:37:36] local.DEBUG: @api.HUN56 {"url":"https://www.dylanbaine.com","options":{"windowSize":[1900,850]}} 
[2023-11-24 15:37:40] local.DEBUG: close browser  
[2023-11-24 15:37:50] local.DEBUG: @api.HUN56 {"url":"https://hire.dylanbaine.com","options":{"windowSize":[1900,850]}} 
[2023-11-24 15:37:55] local.DEBUG: close browser  
[2023-11-24 15:38:58] local.DEBUG: @api.HUN56 {"url":"https://hire.dylanbaine.com","options":{"windowSize":[1900,850]}} 
[2023-11-24 15:39:04] local.DEBUG: close browser  
[2023-11-24 15:39:34] local.DEBUG: @api.HUN56 {"url":"https://www.dylanbaine.com","options":{"windowSize":[1900,850]}} 
[2023-11-24 15:39:37] local.DEBUG: close browser  
[2023-11-24 15:39:59] local.DEBUG: @api.HUN56 {"url":"https://www.dylanbaine.com","options":{"windowSize":[1400,1400]}} 
[2023-11-24 15:40:03] local.DEBUG: close browser  
